2021-08-29 19:48:03|tests.conftest|INFO - Start: tests/test_001_create_member.py::TestCreateMember::test_010_create_member
2021-08-29 19:48:03|session.httpsession|DEBUG - Building URL
2021-08-29 19:48:03|session.httpsession|DEBUG - url : https://qanat-quotes-public.staging.zopa.com/api/member
2021-08-29 19:48:03|session.httpsession|DEBUG - Executing POST requests
2021-08-29 19:48:04|tests.test_001_create_member|DEBUG - resp.json={'memberId': 'b05535c7-d9bd-4fe7-a31f-7745ec60ec6d', 'firstName': 'Tony', 'lastName': 'Tester', 'address': {'firstLine': '47-49 Cottons Centre', 'town': 'London', 'postCode': 'SE1 2QG'}, 'emailAddress': 'tony.tester@zopa.com', 'jobTitle': 'Tester/Breaker', 'memberFullName': 'Tony Tester'}
2021-08-29 19:48:04|tests.test_001_create_member|DEBUG - Member_id='b05535c7-d9bd-4fe7-a31f-7745ec60ec6d'
2021-08-29 19:48:04|tests.conftest|INFO - Start: tests/test_001_create_member.py::TestCreateMemberForNegativeTests::test_020_create_member_with_missing_name
2021-08-29 19:48:04|session.httpsession|DEBUG - Building URL
2021-08-29 19:48:04|session.httpsession|DEBUG - url : https://qanat-quotes-public.staging.zopa.com/api/member
2021-08-29 19:48:04|session.httpsession|DEBUG - Executing POST requests
2021-08-29 19:48:05|tests.test_001_create_member|DEBUG - resp.json={'errors': {'firstName': "'firstName' is a required property"}, 'message': 'Input payload validation failed'}
2021-08-29 19:48:05|tests.conftest|INFO - Start: tests/test_001_create_member.py::TestCreateMemberForNegativeTests::test_030_create_member_with_missing_address
2021-08-29 19:48:05|session.httpsession|DEBUG - Building URL
2021-08-29 19:48:05|session.httpsession|DEBUG - url : https://qanat-quotes-public.staging.zopa.com/api/member
2021-08-29 19:48:05|session.httpsession|DEBUG - Executing POST requests
2021-08-29 19:48:05|tests.test_001_create_member|DEBUG - resp.json={'errors': {'address.town': "'town' is a required property"}, 'message': 'Input payload validation failed'}
2021-08-29 19:48:05|tests.conftest|INFO - Start: tests/test_001_create_member.py::TestCreateMemberForNegativeTests::test_040_create_member_with_missing_emailAddress
2021-08-29 19:48:05|session.httpsession|DEBUG - Building URL
2021-08-29 19:48:05|session.httpsession|DEBUG - url : https://qanat-quotes-public.staging.zopa.com/api/member
2021-08-29 19:48:05|session.httpsession|DEBUG - Executing POST requests
2021-08-29 19:48:06|tests.test_001_create_member|DEBUG - resp.json={'errors': {'emailAddress': "'emailAddress' is a required property"}, 'message': 'Input payload validation failed'}
2021-08-29 19:48:06|tests.conftest|INFO - Start: tests/test_001_create_member.py::TestCreateMemberForNegativeTests::test_050_create_member_with_bad_job_title
2021-08-29 19:48:06|session.httpsession|DEBUG - Building URL
2021-08-29 19:48:06|session.httpsession|DEBUG - url : https://qanat-quotes-public.staging.zopa.com/api/member
2021-08-29 19:48:06|session.httpsession|DEBUG - Executing POST requests
2021-08-29 19:48:07|tests.test_001_create_member|DEBUG - resp.json={'message': 'jobTitle must be <= 20 characters'}
2021-08-29 19:48:07|tests.conftest|INFO - Start: tests/test_002_get_member.py::TestCreateMember::test_010_create_member
2021-08-29 19:48:07|session.httpsession|DEBUG - Building URL
2021-08-29 19:48:07|session.httpsession|DEBUG - url : https://qanat-quotes-public.staging.zopa.com/api/member
2021-08-29 19:48:07|session.httpsession|DEBUG - Executing POST requests
2021-08-29 19:48:08|tests.test_001_create_member|DEBUG - resp.json={'memberId': 'adde39e1-3bb2-45cc-b1f2-9ee240c08303', 'firstName': 'Tony', 'lastName': 'Tester', 'address': {'firstLine': '47-49 Cottons Centre', 'town': 'London', 'postCode': 'SE1 2QG'}, 'emailAddress': 'tony.tester@zopa.com', 'jobTitle': 'Tester/Breaker', 'memberFullName': 'Tony Tester'}
2021-08-29 19:48:08|tests.test_001_create_member|DEBUG - Member_id='adde39e1-3bb2-45cc-b1f2-9ee240c08303'
2021-08-29 19:48:08|tests.conftest|INFO - Start: tests/test_002_get_member.py::TestGetMember::test_060_get_member
2021-08-29 19:48:08|session.httpsession|DEBUG - Building URL
2021-08-29 19:48:08|session.httpsession|DEBUG - url : https://qanat-quotes-public.staging.zopa.com/api/member
2021-08-29 19:48:08|session.httpsession|DEBUG - Executing Get requests
2021-08-29 19:48:09|tests.conftest|INFO - Start: tests/test_002_get_member.py::TestGetMember::test_070_get_non_existing_member
2021-08-29 19:48:09|session.httpsession|DEBUG - Building URL
2021-08-29 19:48:09|session.httpsession|DEBUG - url : https://qanat-quotes-public.staging.zopa.com/api/member
2021-08-29 19:48:09|session.httpsession|DEBUG - Executing Get requests
2021-08-29 19:48:10|tests.conftest|INFO - Start: tests/test_003_generate_quotation.py::TestCreateMember::test_010_create_member
2021-08-29 19:48:10|session.httpsession|DEBUG - Building URL
2021-08-29 19:48:10|session.httpsession|DEBUG - url : https://qanat-quotes-public.staging.zopa.com/api/member
2021-08-29 19:48:10|session.httpsession|DEBUG - Executing POST requests
2021-08-29 19:48:10|tests.test_001_create_member|DEBUG - resp.json={'memberId': '00ea2cde-4e97-4995-a70c-2ba0f44c0715', 'firstName': 'Tony', 'lastName': 'Tester', 'address': {'firstLine': '47-49 Cottons Centre', 'town': 'London', 'postCode': 'SE1 2QG'}, 'emailAddress': 'tony.tester@zopa.com', 'jobTitle': 'Tester/Breaker', 'memberFullName': 'Tony Tester'}
2021-08-29 19:48:10|tests.test_001_create_member|DEBUG - Member_id='00ea2cde-4e97-4995-a70c-2ba0f44c0715'
2021-08-29 19:48:10|tests.conftest|INFO - Start: tests/test_003_generate_quotation.py::TestCreateQuotation::test_090_create_a_quote_with_loan_amount_25000
2021-08-29 19:48:10|tests.test_003_generate_quotation|DEBUG - memberId='00ea2cde-4e97-4995-a70c-2ba0f44c0715'
2021-08-29 19:48:10|session.httpsession|DEBUG - Building URL
2021-08-29 19:48:10|session.httpsession|DEBUG - url : https://qanat-quotes-public.staging.zopa.com/api/quote
2021-08-29 19:48:10|session.httpsession|DEBUG - Executing POST requests
2021-08-29 19:48:11|tests.conftest|INFO - Start: tests/test_003_generate_quotation.py::TestCreateQuotation::test_100_create_a_quote_with_loan_amount_12000
2021-08-29 19:48:11|tests.test_003_generate_quotation|DEBUG - memberId='00ea2cde-4e97-4995-a70c-2ba0f44c0715'
2021-08-29 19:48:11|session.httpsession|DEBUG - Building URL
2021-08-29 19:48:11|session.httpsession|DEBUG - url : https://qanat-quotes-public.staging.zopa.com/api/quote
2021-08-29 19:48:11|session.httpsession|DEBUG - Executing POST requests
2021-08-29 19:48:13|tests.conftest|INFO - Start: tests/test_003_generate_quotation.py::TestCreateQuotation::test_110_create_a_quote_with_loan_amount_999
2021-08-29 19:48:13|tests.test_003_generate_quotation|DEBUG - memberId='00ea2cde-4e97-4995-a70c-2ba0f44c0715'
2021-08-29 19:48:13|session.httpsession|DEBUG - Building URL
2021-08-29 19:48:13|session.httpsession|DEBUG - url : https://qanat-quotes-public.staging.zopa.com/api/quote
2021-08-29 19:48:13|session.httpsession|DEBUG - Executing POST requests
2021-08-29 19:48:14|tests.conftest|INFO - Start: tests/test_003_generate_quotation.py::TestCreateQuotation::test_120_create_a_quote_with_loan_amount_25001
2021-08-29 19:48:14|tests.test_003_generate_quotation|DEBUG - memberId='00ea2cde-4e97-4995-a70c-2ba0f44c0715'
2021-08-29 19:48:14|session.httpsession|DEBUG - Building URL
2021-08-29 19:48:14|session.httpsession|DEBUG - url : https://qanat-quotes-public.staging.zopa.com/api/quote
2021-08-29 19:48:14|session.httpsession|DEBUG - Executing POST requests
2021-08-29 19:48:16|tests.conftest|INFO - Start: tests/test_003_generate_quotation.py::TestCreateQuotation::test_130_create_a_quote_with_loan_amount_negative
2021-08-29 19:48:16|tests.test_003_generate_quotation|DEBUG - memberId='00ea2cde-4e97-4995-a70c-2ba0f44c0715'
2021-08-29 19:48:16|session.httpsession|DEBUG - Building URL
2021-08-29 19:48:16|session.httpsession|DEBUG - url : https://qanat-quotes-public.staging.zopa.com/api/quote
2021-08-29 19:48:16|session.httpsession|DEBUG - Executing POST requests
2021-08-29 19:48:18|tests.conftest|INFO - Start: tests/test_003_generate_quotation.py::TestCreateQuotation::test_140_create_a_quote_with_loan_with_non_existing_member
2021-08-29 19:48:18|session.httpsession|DEBUG - Building URL
2021-08-29 19:48:18|session.httpsession|DEBUG - url : https://qanat-quotes-public.staging.zopa.com/api/quote
2021-08-29 19:48:18|session.httpsession|DEBUG - Executing POST requests
