2021-08-29 17:49:43|tests.conftest|INFO - Start: tests/test_001_create_member.py::TestCreateMember::test_010_create_member
2021-08-29 17:49:43|session.httpsession|DEBUG - Building URL
2021-08-29 17:49:43|session.httpsession|DEBUG - url : https://qanat-quotes-public.staging.zopa.com/api/member
2021-08-29 17:49:43|session.httpsession|DEBUG - Executing POST requests
2021-08-29 17:49:44|tests.test_001_create_member|DEBUG - resp.json={'memberId': '3df3e635-dc60-478d-bff4-50e2c3ffcd4d', 'firstName': 'Tony', 'lastName': 'Tester', 'address': {'firstLine': '47-49 Cottons Centre', 'town': 'London', 'postCode': 'SE1 2QG'}, 'emailAddress': 'tony.tester@zopa.com', 'jobTitle': 'Tester/Breaker', 'memberFullName': 'Tony Tester'}
2021-08-29 17:49:44|tests.test_001_create_member|DEBUG - Member_id='3df3e635-dc60-478d-bff4-50e2c3ffcd4d'
2021-08-29 17:49:44|tests.conftest|INFO - Start: tests/test_001_create_member.py::TestCreateMemberForNegativeTests::test_020_create_member_with_missing_name
2021-08-29 17:49:44|session.httpsession|DEBUG - Building URL
2021-08-29 17:49:44|session.httpsession|DEBUG - url : https://qanat-quotes-public.staging.zopa.com/api/member
2021-08-29 17:49:44|session.httpsession|DEBUG - Executing POST requests
2021-08-29 17:49:45|tests.test_001_create_member|DEBUG - resp.json={'errors': {'firstName': "'firstName' is a required property"}, 'message': 'Input payload validation failed'}
2021-08-29 17:49:45|tests.conftest|INFO - Start: tests/test_001_create_member.py::TestCreateMemberForNegativeTests::test_030_create_member_with_missing_address
2021-08-29 17:49:45|session.httpsession|DEBUG - Building URL
2021-08-29 17:49:45|session.httpsession|DEBUG - url : https://qanat-quotes-public.staging.zopa.com/api/member
2021-08-29 17:49:45|session.httpsession|DEBUG - Executing POST requests
2021-08-29 17:49:45|tests.test_001_create_member|DEBUG - resp.json={'errors': {'address.town': "'town' is a required property"}, 'message': 'Input payload validation failed'}
2021-08-29 17:49:45|tests.conftest|INFO - Start: tests/test_001_create_member.py::TestCreateMemberForNegativeTests::test_040_create_member_with_missing_emailAddress
2021-08-29 17:49:45|session.httpsession|DEBUG - Building URL
2021-08-29 17:49:45|session.httpsession|DEBUG - url : https://qanat-quotes-public.staging.zopa.com/api/member
2021-08-29 17:49:45|session.httpsession|DEBUG - Executing POST requests
2021-08-29 17:49:46|tests.test_001_create_member|DEBUG - resp.json={'errors': {'emailAddress': "'emailAddress' is a required property"}, 'message': 'Input payload validation failed'}
2021-08-29 17:49:46|tests.conftest|INFO - Start: tests/test_001_create_member.py::TestCreateMemberForNegativeTests::test_050_create_member_with_bad_job_title
2021-08-29 17:49:46|session.httpsession|DEBUG - Building URL
2021-08-29 17:49:46|session.httpsession|DEBUG - url : https://qanat-quotes-public.staging.zopa.com/api/member
2021-08-29 17:49:46|session.httpsession|DEBUG - Executing POST requests
2021-08-29 17:49:47|tests.test_001_create_member|DEBUG - resp.json={'message': 'jobTitle must be <= 20 characters'}
2021-08-29 17:49:47|tests.conftest|INFO - Start: tests/test_002_get_member.py::TestCreateMember::test_010_create_member
2021-08-29 17:49:47|session.httpsession|DEBUG - Building URL
2021-08-29 17:49:47|session.httpsession|DEBUG - url : https://qanat-quotes-public.staging.zopa.com/api/member
2021-08-29 17:49:47|session.httpsession|DEBUG - Executing POST requests
2021-08-29 17:49:48|tests.test_001_create_member|DEBUG - resp.json={'memberId': 'd3a4a1f9-f18f-434d-ab30-bfeb43920339', 'firstName': 'Tony', 'lastName': 'Tester', 'address': {'firstLine': '47-49 Cottons Centre', 'town': 'London', 'postCode': 'SE1 2QG'}, 'emailAddress': 'tony.tester@zopa.com', 'jobTitle': 'Tester/Breaker', 'memberFullName': 'Tony Tester'}
2021-08-29 17:49:48|tests.test_001_create_member|DEBUG - Member_id='d3a4a1f9-f18f-434d-ab30-bfeb43920339'
2021-08-29 17:49:48|tests.conftest|INFO - Start: tests/test_002_get_member.py::TestGetMember::test_060_get_member
2021-08-29 17:49:48|session.httpsession|DEBUG - Building URL
2021-08-29 17:49:48|session.httpsession|DEBUG - url : https://qanat-quotes-public.staging.zopa.com/api/member
2021-08-29 17:49:48|session.httpsession|DEBUG - Executing Get requests
2021-08-29 17:49:49|tests.conftest|INFO - Start: tests/test_002_get_member.py::TestGetMember::test_070_get_non_existing_member
2021-08-29 17:49:49|session.httpsession|DEBUG - Building URL
2021-08-29 17:49:49|session.httpsession|DEBUG - url : https://qanat-quotes-public.staging.zopa.com/api/member
2021-08-29 17:49:49|session.httpsession|DEBUG - Executing Get requests
2021-08-29 17:49:49|tests.conftest|INFO - Start: tests/test_003_generate_quotation.py::TestCreateMember::test_010_create_member
2021-08-29 17:49:49|session.httpsession|DEBUG - Building URL
2021-08-29 17:49:49|session.httpsession|DEBUG - url : https://qanat-quotes-public.staging.zopa.com/api/member
2021-08-29 17:49:49|session.httpsession|DEBUG - Executing POST requests
2021-08-29 17:49:50|tests.test_001_create_member|DEBUG - resp.json={'memberId': '1449c363-c503-4ff8-b483-27621b42f4d3', 'firstName': 'Tony', 'lastName': 'Tester', 'address': {'firstLine': '47-49 Cottons Centre', 'town': 'London', 'postCode': 'SE1 2QG'}, 'emailAddress': 'tony.tester@zopa.com', 'jobTitle': 'Tester/Breaker', 'memberFullName': 'Tony Tester'}
2021-08-29 17:49:50|tests.test_001_create_member|DEBUG - Member_id='1449c363-c503-4ff8-b483-27621b42f4d3'
2021-08-29 17:49:50|tests.conftest|INFO - Start: tests/test_003_generate_quotation.py::TestCreateQuotation::test_080_create_a_quote_with_loan_amount_1000
2021-08-29 17:49:50|tests.test_003_generate_quotation|DEBUG - memberId='1449c363-c503-4ff8-b483-27621b42f4d3'
2021-08-29 17:49:50|session.httpsession|DEBUG - Building URL
2021-08-29 17:49:50|session.httpsession|DEBUG - url : https://qanat-quotes-public.staging.zopa.com/api/quote
2021-08-29 17:49:50|session.httpsession|DEBUG - Executing POST requests
2021-08-29 17:49:51|tests.conftest|INFO - Start: tests/test_003_generate_quotation.py::TestCreateQuotation::test_090_create_a_quote_with_loan_amount_25000
2021-08-29 17:49:51|tests.test_003_generate_quotation|DEBUG - memberId='1449c363-c503-4ff8-b483-27621b42f4d3'
2021-08-29 17:49:51|session.httpsession|DEBUG - Building URL
2021-08-29 17:49:51|session.httpsession|DEBUG - url : https://qanat-quotes-public.staging.zopa.com/api/quote
2021-08-29 17:49:51|session.httpsession|DEBUG - Executing POST requests
2021-08-29 17:49:52|tests.conftest|INFO - Start: tests/test_003_generate_quotation.py::TestCreateQuotation::test_100_create_a_quote_with_loan_amount_12000
2021-08-29 17:49:52|tests.test_003_generate_quotation|DEBUG - memberId='1449c363-c503-4ff8-b483-27621b42f4d3'
2021-08-29 17:49:52|session.httpsession|DEBUG - Building URL
2021-08-29 17:49:52|session.httpsession|DEBUG - url : https://qanat-quotes-public.staging.zopa.com/api/quote
2021-08-29 17:49:52|session.httpsession|DEBUG - Executing POST requests
2021-08-29 17:49:54|tests.conftest|INFO - Start: tests/test_003_generate_quotation.py::TestCreateQuotation::test_110_create_a_quote_with_loan_amount_999
2021-08-29 17:49:54|tests.test_003_generate_quotation|DEBUG - memberId='1449c363-c503-4ff8-b483-27621b42f4d3'
2021-08-29 17:49:54|session.httpsession|DEBUG - Building URL
2021-08-29 17:49:54|session.httpsession|DEBUG - url : https://qanat-quotes-public.staging.zopa.com/api/quote
2021-08-29 17:49:54|session.httpsession|DEBUG - Executing POST requests
2021-08-29 17:49:54|tests.conftest|INFO - Start: tests/test_003_generate_quotation.py::TestCreateQuotation::test_120_create_a_quote_with_loan_amount_25001
2021-08-29 17:49:54|tests.test_003_generate_quotation|DEBUG - memberId='1449c363-c503-4ff8-b483-27621b42f4d3'
2021-08-29 17:49:54|session.httpsession|DEBUG - Building URL
2021-08-29 17:49:54|session.httpsession|DEBUG - url : https://qanat-quotes-public.staging.zopa.com/api/quote
2021-08-29 17:49:54|session.httpsession|DEBUG - Executing POST requests
2021-08-29 17:49:57|tests.conftest|INFO - Start: tests/test_003_generate_quotation.py::TestCreateQuotation::test_130_create_a_quote_with_loan_amount_negative
2021-08-29 17:49:57|tests.test_003_generate_quotation|DEBUG - memberId='1449c363-c503-4ff8-b483-27621b42f4d3'
2021-08-29 17:49:57|session.httpsession|DEBUG - Building URL
2021-08-29 17:49:57|session.httpsession|DEBUG - url : https://qanat-quotes-public.staging.zopa.com/api/quote
2021-08-29 17:49:57|session.httpsession|DEBUG - Executing POST requests
2021-08-29 17:49:59|tests.conftest|INFO - Start: tests/test_003_generate_quotation.py::TestCreateQuotation::test_140_create_a_quote_with_loan_with_non_existing_member
2021-08-29 17:49:59|session.httpsession|DEBUG - Building URL
2021-08-29 17:49:59|session.httpsession|DEBUG - url : https://qanat-quotes-public.staging.zopa.com/api/quote
2021-08-29 17:49:59|session.httpsession|DEBUG - Executing POST requests
