2021-08-29 17:54:08|tests.conftest|INFO - Start: tests/test_001_create_member.py::TestCreateMember::test_010_create_member
2021-08-29 17:54:08|session.httpsession|DEBUG - Building URL
2021-08-29 17:54:08|session.httpsession|DEBUG - url : https://qanat-quotes-public.staging.zopa.com/api/member
2021-08-29 17:54:08|session.httpsession|DEBUG - Executing POST requests
2021-08-29 17:54:10|tests.test_001_create_member|DEBUG - resp.json={'memberId': 'efdc7b32-d221-4af7-b613-b83b451451e4', 'firstName': 'Tony', 'lastName': 'Tester', 'address': {'firstLine': '47-49 Cottons Centre', 'town': 'London', 'postCode': 'SE1 2QG'}, 'emailAddress': 'tony.tester@zopa.com', 'jobTitle': 'Tester/Breaker', 'memberFullName': 'Tony Tester'}
2021-08-29 17:54:10|tests.test_001_create_member|DEBUG - Member_id='efdc7b32-d221-4af7-b613-b83b451451e4'
2021-08-29 17:54:10|tests.conftest|INFO - Start: tests/test_001_create_member.py::TestCreateMemberForNegativeTests::test_020_create_member_with_missing_name
2021-08-29 17:54:10|session.httpsession|DEBUG - Building URL
2021-08-29 17:54:10|session.httpsession|DEBUG - url : https://qanat-quotes-public.staging.zopa.com/api/member
2021-08-29 17:54:10|session.httpsession|DEBUG - Executing POST requests
2021-08-29 17:54:10|tests.test_001_create_member|DEBUG - resp.json={'errors': {'firstName': "'firstName' is a required property"}, 'message': 'Input payload validation failed'}
2021-08-29 17:54:10|tests.conftest|INFO - Start: tests/test_001_create_member.py::TestCreateMemberForNegativeTests::test_030_create_member_with_missing_address
2021-08-29 17:54:10|session.httpsession|DEBUG - Building URL
2021-08-29 17:54:10|session.httpsession|DEBUG - url : https://qanat-quotes-public.staging.zopa.com/api/member
2021-08-29 17:54:10|session.httpsession|DEBUG - Executing POST requests
2021-08-29 17:54:11|tests.test_001_create_member|DEBUG - resp.json={'errors': {'address.town': "'town' is a required property"}, 'message': 'Input payload validation failed'}
2021-08-29 17:54:11|tests.conftest|INFO - Start: tests/test_001_create_member.py::TestCreateMemberForNegativeTests::test_040_create_member_with_missing_emailAddress
2021-08-29 17:54:11|session.httpsession|DEBUG - Building URL
2021-08-29 17:54:11|session.httpsession|DEBUG - url : https://qanat-quotes-public.staging.zopa.com/api/member
2021-08-29 17:54:11|session.httpsession|DEBUG - Executing POST requests
2021-08-29 17:54:12|tests.test_001_create_member|DEBUG - resp.json={'errors': {'emailAddress': "'emailAddress' is a required property"}, 'message': 'Input payload validation failed'}
2021-08-29 17:54:12|tests.conftest|INFO - Start: tests/test_001_create_member.py::TestCreateMemberForNegativeTests::test_050_create_member_with_bad_job_title
2021-08-29 17:54:12|session.httpsession|DEBUG - Building URL
2021-08-29 17:54:12|session.httpsession|DEBUG - url : https://qanat-quotes-public.staging.zopa.com/api/member
2021-08-29 17:54:12|session.httpsession|DEBUG - Executing POST requests
2021-08-29 17:54:13|tests.test_001_create_member|DEBUG - resp.json={'message': 'jobTitle must be <= 20 characters'}
2021-08-29 17:54:13|tests.conftest|INFO - Start: tests/test_002_get_member.py::TestCreateMember::test_010_create_member
2021-08-29 17:54:13|session.httpsession|DEBUG - Building URL
2021-08-29 17:54:13|session.httpsession|DEBUG - url : https://qanat-quotes-public.staging.zopa.com/api/member
2021-08-29 17:54:13|session.httpsession|DEBUG - Executing POST requests
2021-08-29 17:54:13|tests.test_001_create_member|DEBUG - resp.json={'memberId': '953fb222-24bc-4489-9bca-5471bbf022d6', 'firstName': 'Tony', 'lastName': 'Tester', 'address': {'firstLine': '47-49 Cottons Centre', 'town': 'London', 'postCode': 'SE1 2QG'}, 'emailAddress': 'tony.tester@zopa.com', 'jobTitle': 'Tester/Breaker', 'memberFullName': 'Tony Tester'}
2021-08-29 17:54:13|tests.test_001_create_member|DEBUG - Member_id='953fb222-24bc-4489-9bca-5471bbf022d6'
2021-08-29 17:54:13|tests.conftest|INFO - Start: tests/test_002_get_member.py::TestGetMember::test_060_get_member
2021-08-29 17:54:13|session.httpsession|DEBUG - Building URL
2021-08-29 17:54:13|session.httpsession|DEBUG - url : https://qanat-quotes-public.staging.zopa.com/api/member
2021-08-29 17:54:13|session.httpsession|DEBUG - Executing Get requests
2021-08-29 17:54:14|tests.conftest|INFO - Start: tests/test_002_get_member.py::TestGetMember::test_070_get_non_existing_member
2021-08-29 17:54:14|session.httpsession|DEBUG - Building URL
2021-08-29 17:54:14|session.httpsession|DEBUG - url : https://qanat-quotes-public.staging.zopa.com/api/member
2021-08-29 17:54:14|session.httpsession|DEBUG - Executing Get requests
2021-08-29 17:54:15|tests.conftest|INFO - Start: tests/test_003_generate_quotation.py::TestCreateMember::test_010_create_member
2021-08-29 17:54:15|session.httpsession|DEBUG - Building URL
2021-08-29 17:54:15|session.httpsession|DEBUG - url : https://qanat-quotes-public.staging.zopa.com/api/member
2021-08-29 17:54:15|session.httpsession|DEBUG - Executing POST requests
2021-08-29 17:54:15|tests.test_001_create_member|DEBUG - resp.json={'memberId': '0245d166-0fd1-4833-a223-df41370babee', 'firstName': 'Tony', 'lastName': 'Tester', 'address': {'firstLine': '47-49 Cottons Centre', 'town': 'London', 'postCode': 'SE1 2QG'}, 'emailAddress': 'tony.tester@zopa.com', 'jobTitle': 'Tester/Breaker', 'memberFullName': 'Tony Tester'}
2021-08-29 17:54:15|tests.test_001_create_member|DEBUG - Member_id='0245d166-0fd1-4833-a223-df41370babee'
2021-08-29 17:54:15|tests.conftest|INFO - Start: tests/test_003_generate_quotation.py::TestCreateQuotation::test_080_create_a_quote_with_loan_amount_1000
2021-08-29 17:54:15|tests.test_003_generate_quotation|DEBUG - memberId='0245d166-0fd1-4833-a223-df41370babee'
2021-08-29 17:54:15|session.httpsession|DEBUG - Building URL
2021-08-29 17:54:15|session.httpsession|DEBUG - url : https://qanat-quotes-public.staging.zopa.com/api/quote
2021-08-29 17:54:15|session.httpsession|DEBUG - Executing POST requests
2021-08-29 17:54:16|tests.conftest|INFO - Start: tests/test_003_generate_quotation.py::TestCreateQuotation::test_090_create_a_quote_with_loan_amount_25000
2021-08-29 17:54:16|tests.test_003_generate_quotation|DEBUG - memberId='0245d166-0fd1-4833-a223-df41370babee'
2021-08-29 17:54:16|session.httpsession|DEBUG - Building URL
2021-08-29 17:54:16|session.httpsession|DEBUG - url : https://qanat-quotes-public.staging.zopa.com/api/quote
2021-08-29 17:54:16|session.httpsession|DEBUG - Executing POST requests
2021-08-29 17:54:17|tests.conftest|INFO - Start: tests/test_003_generate_quotation.py::TestCreateQuotation::test_100_create_a_quote_with_loan_amount_12000
2021-08-29 17:54:17|tests.test_003_generate_quotation|DEBUG - memberId='0245d166-0fd1-4833-a223-df41370babee'
2021-08-29 17:54:17|session.httpsession|DEBUG - Building URL
2021-08-29 17:54:17|session.httpsession|DEBUG - url : https://qanat-quotes-public.staging.zopa.com/api/quote
2021-08-29 17:54:17|session.httpsession|DEBUG - Executing POST requests
2021-08-29 17:54:18|tests.conftest|INFO - Start: tests/test_003_generate_quotation.py::TestCreateQuotation::test_110_create_a_quote_with_loan_amount_999
2021-08-29 17:54:18|tests.test_003_generate_quotation|DEBUG - memberId='0245d166-0fd1-4833-a223-df41370babee'
2021-08-29 17:54:18|session.httpsession|DEBUG - Building URL
2021-08-29 17:54:18|session.httpsession|DEBUG - url : https://qanat-quotes-public.staging.zopa.com/api/quote
2021-08-29 17:54:18|session.httpsession|DEBUG - Executing POST requests
2021-08-29 17:54:20|tests.conftest|INFO - Start: tests/test_003_generate_quotation.py::TestCreateQuotation::test_120_create_a_quote_with_loan_amount_25001
2021-08-29 17:54:20|tests.test_003_generate_quotation|DEBUG - memberId='0245d166-0fd1-4833-a223-df41370babee'
2021-08-29 17:54:20|session.httpsession|DEBUG - Building URL
2021-08-29 17:54:20|session.httpsession|DEBUG - url : https://qanat-quotes-public.staging.zopa.com/api/quote
2021-08-29 17:54:20|session.httpsession|DEBUG - Executing POST requests
2021-08-29 17:54:22|tests.conftest|INFO - Start: tests/test_003_generate_quotation.py::TestCreateQuotation::test_130_create_a_quote_with_loan_amount_negative
2021-08-29 17:54:22|tests.test_003_generate_quotation|DEBUG - memberId='0245d166-0fd1-4833-a223-df41370babee'
2021-08-29 17:54:22|session.httpsession|DEBUG - Building URL
2021-08-29 17:54:22|session.httpsession|DEBUG - url : https://qanat-quotes-public.staging.zopa.com/api/quote
2021-08-29 17:54:22|session.httpsession|DEBUG - Executing POST requests
2021-08-29 17:54:26|tests.conftest|INFO - Start: tests/test_003_generate_quotation.py::TestCreateQuotation::test_140_create_a_quote_with_loan_with_non_existing_member
2021-08-29 17:54:26|session.httpsession|DEBUG - Building URL
2021-08-29 17:54:26|session.httpsession|DEBUG - url : https://qanat-quotes-public.staging.zopa.com/api/quote
2021-08-29 17:54:26|session.httpsession|DEBUG - Executing POST requests
