2021-08-29 17:59:18|tests.conftest|INFO - Start: tests/test_001_create_member.py::TestCreateMember::test_010_create_member
2021-08-29 17:59:18|session.httpsession|DEBUG - Building URL
2021-08-29 17:59:18|session.httpsession|DEBUG - url : https://qanat-quotes-public.staging.zopa.com/api/member
2021-08-29 17:59:18|session.httpsession|DEBUG - Executing POST requests
2021-08-29 17:59:19|tests.test_001_create_member|DEBUG - resp.json={'memberId': 'c8ba2cfa-09e4-4c0d-a398-45eec7589f2a', 'firstName': 'Tony', 'lastName': 'Tester', 'address': {'firstLine': '47-49 Cottons Centre', 'town': 'London', 'postCode': 'SE1 2QG'}, 'emailAddress': 'tony.tester@zopa.com', 'jobTitle': 'Tester/Breaker', 'memberFullName': 'Tony Tester'}
2021-08-29 17:59:19|tests.test_001_create_member|DEBUG - Member_id='c8ba2cfa-09e4-4c0d-a398-45eec7589f2a'
2021-08-29 17:59:19|tests.conftest|INFO - Start: tests/test_001_create_member.py::TestCreateMemberForNegativeTests::test_020_create_member_with_missing_name
2021-08-29 17:59:19|session.httpsession|DEBUG - Building URL
2021-08-29 17:59:19|session.httpsession|DEBUG - url : https://qanat-quotes-public.staging.zopa.com/api/member
2021-08-29 17:59:19|session.httpsession|DEBUG - Executing POST requests
2021-08-29 17:59:20|tests.test_001_create_member|DEBUG - resp.json={'errors': {'firstName': "'firstName' is a required property"}, 'message': 'Input payload validation failed'}
2021-08-29 17:59:20|tests.conftest|INFO - Start: tests/test_001_create_member.py::TestCreateMemberForNegativeTests::test_030_create_member_with_missing_address
2021-08-29 17:59:20|session.httpsession|DEBUG - Building URL
2021-08-29 17:59:20|session.httpsession|DEBUG - url : https://qanat-quotes-public.staging.zopa.com/api/member
2021-08-29 17:59:20|session.httpsession|DEBUG - Executing POST requests
2021-08-29 17:59:21|tests.test_001_create_member|DEBUG - resp.json={'errors': {'address.town': "'town' is a required property"}, 'message': 'Input payload validation failed'}
2021-08-29 17:59:21|tests.conftest|INFO - Start: tests/test_001_create_member.py::TestCreateMemberForNegativeTests::test_040_create_member_with_missing_emailAddress
2021-08-29 17:59:21|session.httpsession|DEBUG - Building URL
2021-08-29 17:59:21|session.httpsession|DEBUG - url : https://qanat-quotes-public.staging.zopa.com/api/member
2021-08-29 17:59:21|session.httpsession|DEBUG - Executing POST requests
2021-08-29 17:59:22|tests.test_001_create_member|DEBUG - resp.json={'errors': {'emailAddress': "'emailAddress' is a required property"}, 'message': 'Input payload validation failed'}
2021-08-29 17:59:22|tests.conftest|INFO - Start: tests/test_001_create_member.py::TestCreateMemberForNegativeTests::test_050_create_member_with_bad_job_title
2021-08-29 17:59:22|session.httpsession|DEBUG - Building URL
2021-08-29 17:59:22|session.httpsession|DEBUG - url : https://qanat-quotes-public.staging.zopa.com/api/member
2021-08-29 17:59:22|session.httpsession|DEBUG - Executing POST requests
2021-08-29 17:59:22|tests.test_001_create_member|DEBUG - resp.json={'message': 'jobTitle must be <= 20 characters'}
2021-08-29 17:59:22|tests.conftest|INFO - Start: tests/test_002_get_member.py::TestCreateMember::test_010_create_member
2021-08-29 17:59:22|session.httpsession|DEBUG - Building URL
2021-08-29 17:59:22|session.httpsession|DEBUG - url : https://qanat-quotes-public.staging.zopa.com/api/member
2021-08-29 17:59:22|session.httpsession|DEBUG - Executing POST requests
2021-08-29 17:59:23|tests.test_001_create_member|DEBUG - resp.json={'memberId': 'e888bf0f-8439-46ab-8246-9d6ec8353d86', 'firstName': 'Tony', 'lastName': 'Tester', 'address': {'firstLine': '47-49 Cottons Centre', 'town': 'London', 'postCode': 'SE1 2QG'}, 'emailAddress': 'tony.tester@zopa.com', 'jobTitle': 'Tester/Breaker', 'memberFullName': 'Tony Tester'}
2021-08-29 17:59:23|tests.test_001_create_member|DEBUG - Member_id='e888bf0f-8439-46ab-8246-9d6ec8353d86'
2021-08-29 17:59:23|tests.conftest|INFO - Start: tests/test_002_get_member.py::TestGetMember::test_060_get_member
2021-08-29 17:59:23|session.httpsession|DEBUG - Building URL
2021-08-29 17:59:23|session.httpsession|DEBUG - url : https://qanat-quotes-public.staging.zopa.com/api/member
2021-08-29 17:59:23|session.httpsession|DEBUG - Executing Get requests
2021-08-29 17:59:24|tests.conftest|INFO - Start: tests/test_002_get_member.py::TestGetMember::test_070_get_non_existing_member
2021-08-29 17:59:24|session.httpsession|DEBUG - Building URL
2021-08-29 17:59:24|session.httpsession|DEBUG - url : https://qanat-quotes-public.staging.zopa.com/api/member
2021-08-29 17:59:24|session.httpsession|DEBUG - Executing Get requests
2021-08-29 17:59:24|tests.conftest|INFO - Start: tests/test_003_generate_quotation.py::TestCreateMember::test_010_create_member
2021-08-29 17:59:24|session.httpsession|DEBUG - Building URL
2021-08-29 17:59:24|session.httpsession|DEBUG - url : https://qanat-quotes-public.staging.zopa.com/api/member
2021-08-29 17:59:24|session.httpsession|DEBUG - Executing POST requests
2021-08-29 17:59:25|tests.test_001_create_member|DEBUG - resp.json={'memberId': '3799fb5e-f2ee-48ad-8e3e-7bf3d1082b91', 'firstName': 'Tony', 'lastName': 'Tester', 'address': {'firstLine': '47-49 Cottons Centre', 'town': 'London', 'postCode': 'SE1 2QG'}, 'emailAddress': 'tony.tester@zopa.com', 'jobTitle': 'Tester/Breaker', 'memberFullName': 'Tony Tester'}
2021-08-29 17:59:25|tests.test_001_create_member|DEBUG - Member_id='3799fb5e-f2ee-48ad-8e3e-7bf3d1082b91'
2021-08-29 17:59:25|tests.conftest|INFO - Start: tests/test_003_generate_quotation.py::TestCreateQuotation::test_080_create_a_quote_with_loan_amount_1000
2021-08-29 17:59:25|tests.test_003_generate_quotation|DEBUG - memberId='3799fb5e-f2ee-48ad-8e3e-7bf3d1082b91'
2021-08-29 17:59:25|session.httpsession|DEBUG - Building URL
2021-08-29 17:59:25|session.httpsession|DEBUG - url : https://qanat-quotes-public.staging.zopa.com/api/quote
2021-08-29 17:59:25|session.httpsession|DEBUG - Executing POST requests
2021-08-29 17:59:26|tests.conftest|INFO - Start: tests/test_003_generate_quotation.py::TestCreateQuotation::test_090_create_a_quote_with_loan_amount_25000
2021-08-29 17:59:26|tests.test_003_generate_quotation|DEBUG - memberId='3799fb5e-f2ee-48ad-8e3e-7bf3d1082b91'
2021-08-29 17:59:26|session.httpsession|DEBUG - Building URL
2021-08-29 17:59:26|session.httpsession|DEBUG - url : https://qanat-quotes-public.staging.zopa.com/api/quote
2021-08-29 17:59:26|session.httpsession|DEBUG - Executing POST requests
2021-08-29 17:59:29|tests.conftest|INFO - Start: tests/test_003_generate_quotation.py::TestCreateQuotation::test_100_create_a_quote_with_loan_amount_12000
2021-08-29 17:59:29|tests.test_003_generate_quotation|DEBUG - memberId='3799fb5e-f2ee-48ad-8e3e-7bf3d1082b91'
2021-08-29 17:59:29|session.httpsession|DEBUG - Building URL
2021-08-29 17:59:29|session.httpsession|DEBUG - url : https://qanat-quotes-public.staging.zopa.com/api/quote
2021-08-29 17:59:29|session.httpsession|DEBUG - Executing POST requests
2021-08-29 17:59:31|tests.conftest|INFO - Start: tests/test_003_generate_quotation.py::TestCreateQuotation::test_110_create_a_quote_with_loan_amount_999
2021-08-29 17:59:31|tests.test_003_generate_quotation|DEBUG - memberId='3799fb5e-f2ee-48ad-8e3e-7bf3d1082b91'
2021-08-29 17:59:31|session.httpsession|DEBUG - Building URL
2021-08-29 17:59:31|session.httpsession|DEBUG - url : https://qanat-quotes-public.staging.zopa.com/api/quote
2021-08-29 17:59:31|session.httpsession|DEBUG - Executing POST requests
2021-08-29 17:59:32|tests.conftest|INFO - Start: tests/test_003_generate_quotation.py::TestCreateQuotation::test_120_create_a_quote_with_loan_amount_25001
2021-08-29 17:59:32|tests.test_003_generate_quotation|DEBUG - memberId='3799fb5e-f2ee-48ad-8e3e-7bf3d1082b91'
2021-08-29 17:59:32|session.httpsession|DEBUG - Building URL
2021-08-29 17:59:32|session.httpsession|DEBUG - url : https://qanat-quotes-public.staging.zopa.com/api/quote
2021-08-29 17:59:32|session.httpsession|DEBUG - Executing POST requests
2021-08-29 17:59:33|tests.conftest|INFO - Start: tests/test_003_generate_quotation.py::TestCreateQuotation::test_130_create_a_quote_with_loan_amount_negative
2021-08-29 17:59:33|tests.test_003_generate_quotation|DEBUG - memberId='3799fb5e-f2ee-48ad-8e3e-7bf3d1082b91'
2021-08-29 17:59:33|session.httpsession|DEBUG - Building URL
2021-08-29 17:59:33|session.httpsession|DEBUG - url : https://qanat-quotes-public.staging.zopa.com/api/quote
2021-08-29 17:59:33|session.httpsession|DEBUG - Executing POST requests
2021-08-29 17:59:35|tests.conftest|INFO - Start: tests/test_003_generate_quotation.py::TestCreateQuotation::test_140_create_a_quote_with_loan_with_non_existing_member
2021-08-29 17:59:35|session.httpsession|DEBUG - Building URL
2021-08-29 17:59:35|session.httpsession|DEBUG - url : https://qanat-quotes-public.staging.zopa.com/api/quote
2021-08-29 17:59:35|session.httpsession|DEBUG - Executing POST requests
