2021-08-29 19:42:47|tests.conftest|INFO - Start: tests/test_001_create_member.py::TestCreateMember::test_010_create_member
2021-08-29 19:42:47|session.httpsession|DEBUG - Building URL
2021-08-29 19:42:47|session.httpsession|DEBUG - url : https://qanat-quotes-public.staging.zopa.com/api/member
2021-08-29 19:42:47|session.httpsession|DEBUG - Executing POST requests
2021-08-29 19:42:48|tests.test_001_create_member|DEBUG - resp.json={'memberId': '7298807d-02db-45aa-91d0-dfed9185ab77', 'firstName': 'Tony', 'lastName': 'Tester', 'address': {'firstLine': '47-49 Cottons Centre', 'town': 'London', 'postCode': 'SE1 2QG'}, 'emailAddress': 'tony.tester@zopa.com', 'jobTitle': 'Tester/Breaker', 'memberFullName': 'Tony Tester'}
2021-08-29 19:42:48|tests.test_001_create_member|DEBUG - Member_id='7298807d-02db-45aa-91d0-dfed9185ab77'
2021-08-29 19:42:48|tests.conftest|INFO - Start: tests/test_001_create_member.py::TestCreateMemberForNegativeTests::test_020_create_member_with_missing_name
2021-08-29 19:42:48|session.httpsession|DEBUG - Building URL
2021-08-29 19:42:48|session.httpsession|DEBUG - url : https://qanat-quotes-public.staging.zopa.com/api/member
2021-08-29 19:42:48|session.httpsession|DEBUG - Executing POST requests
2021-08-29 19:42:49|tests.test_001_create_member|DEBUG - resp.json={'errors': {'firstName': "'firstName' is a required property"}, 'message': 'Input payload validation failed'}
2021-08-29 19:42:49|tests.conftest|INFO - Start: tests/test_001_create_member.py::TestCreateMemberForNegativeTests::test_030_create_member_with_missing_address
2021-08-29 19:42:49|session.httpsession|DEBUG - Building URL
2021-08-29 19:42:49|session.httpsession|DEBUG - url : https://qanat-quotes-public.staging.zopa.com/api/member
2021-08-29 19:42:49|session.httpsession|DEBUG - Executing POST requests
2021-08-29 19:42:50|tests.test_001_create_member|DEBUG - resp.json={'errors': {'address.town': "'town' is a required property"}, 'message': 'Input payload validation failed'}
2021-08-29 19:42:50|tests.conftest|INFO - Start: tests/test_001_create_member.py::TestCreateMemberForNegativeTests::test_040_create_member_with_missing_emailAddress
2021-08-29 19:42:50|session.httpsession|DEBUG - Building URL
2021-08-29 19:42:50|session.httpsession|DEBUG - url : https://qanat-quotes-public.staging.zopa.com/api/member
2021-08-29 19:42:50|session.httpsession|DEBUG - Executing POST requests
2021-08-29 19:42:51|tests.test_001_create_member|DEBUG - resp.json={'errors': {'emailAddress': "'emailAddress' is a required property"}, 'message': 'Input payload validation failed'}
2021-08-29 19:42:51|tests.conftest|INFO - Start: tests/test_001_create_member.py::TestCreateMemberForNegativeTests::test_050_create_member_with_bad_job_title
2021-08-29 19:42:51|session.httpsession|DEBUG - Building URL
2021-08-29 19:42:51|session.httpsession|DEBUG - url : https://qanat-quotes-public.staging.zopa.com/api/member
2021-08-29 19:42:51|session.httpsession|DEBUG - Executing POST requests
2021-08-29 19:42:53|tests.test_001_create_member|DEBUG - resp.json={'message': 'jobTitle must be <= 20 characters'}
