2021-08-29 19:49:43|tests.conftest|INFO - Start: tests/test_001_create_member.py::TestCreateMember::test_010_create_member
2021-08-29 19:49:43|session.httpsession|DEBUG - Building URL
2021-08-29 19:49:43|session.httpsession|DEBUG - url : https://qanat-quotes-public.staging.zopa.com/api/member
2021-08-29 19:49:43|session.httpsession|DEBUG - Executing POST requests
2021-08-29 19:49:44|tests.test_001_create_member|DEBUG - resp.json={'memberId': '559fb735-8573-4201-acb2-31799b8fbde4', 'firstName': 'Tony', 'lastName': 'Tester', 'address': {'firstLine': '47-49 Cottons Centre', 'town': 'London', 'postCode': 'SE1 2QG'}, 'emailAddress': 'tony.tester@zopa.com', 'jobTitle': 'Tester/Breaker', 'memberFullName': 'Tony Tester'}
2021-08-29 19:49:44|tests.test_001_create_member|DEBUG - Member_id='559fb735-8573-4201-acb2-31799b8fbde4'
2021-08-29 19:49:44|tests.conftest|INFO - Start: tests/test_002_get_member.py::TestCreateMember::test_010_create_member
2021-08-29 19:49:44|session.httpsession|DEBUG - Building URL
2021-08-29 19:49:44|session.httpsession|DEBUG - url : https://qanat-quotes-public.staging.zopa.com/api/member
2021-08-29 19:49:44|session.httpsession|DEBUG - Executing POST requests
2021-08-29 19:49:44|tests.test_001_create_member|DEBUG - resp.json={'memberId': 'd5766ff6-372c-4fcb-a6de-23541fd984a4', 'firstName': 'Tony', 'lastName': 'Tester', 'address': {'firstLine': '47-49 Cottons Centre', 'town': 'London', 'postCode': 'SE1 2QG'}, 'emailAddress': 'tony.tester@zopa.com', 'jobTitle': 'Tester/Breaker', 'memberFullName': 'Tony Tester'}
2021-08-29 19:49:44|tests.test_001_create_member|DEBUG - Member_id='d5766ff6-372c-4fcb-a6de-23541fd984a4'
2021-08-29 19:49:44|tests.conftest|INFO - Start: tests/test_002_get_member.py::TestGetMember::test_060_get_member
2021-08-29 19:49:44|session.httpsession|DEBUG - Building URL
2021-08-29 19:49:44|session.httpsession|DEBUG - url : https://qanat-quotes-public.staging.zopa.com/api/member
2021-08-29 19:49:44|session.httpsession|DEBUG - Executing Get requests
2021-08-29 19:49:45|tests.conftest|INFO - Start: tests/test_003_generate_quotation.py::TestCreateMember::test_010_create_member
2021-08-29 19:49:45|session.httpsession|DEBUG - Building URL
2021-08-29 19:49:45|session.httpsession|DEBUG - url : https://qanat-quotes-public.staging.zopa.com/api/member
2021-08-29 19:49:45|session.httpsession|DEBUG - Executing POST requests
2021-08-29 19:49:46|tests.test_001_create_member|DEBUG - resp.json={'memberId': '2019ed11-e43c-40a1-b1f5-323780f07d6f', 'firstName': 'Tony', 'lastName': 'Tester', 'address': {'firstLine': '47-49 Cottons Centre', 'town': 'London', 'postCode': 'SE1 2QG'}, 'emailAddress': 'tony.tester@zopa.com', 'jobTitle': 'Tester/Breaker', 'memberFullName': 'Tony Tester'}
2021-08-29 19:49:46|tests.test_001_create_member|DEBUG - Member_id='2019ed11-e43c-40a1-b1f5-323780f07d6f'
2021-08-29 19:49:46|tests.conftest|INFO - Start: tests/test_003_generate_quotation.py::TestCreateQuotation::test_080_create_a_quote_with_loan_amount_1000
2021-08-29 19:49:46|tests.test_003_generate_quotation|DEBUG - memberId='2019ed11-e43c-40a1-b1f5-323780f07d6f'
2021-08-29 19:49:46|session.httpsession|DEBUG - Building URL
2021-08-29 19:49:46|session.httpsession|DEBUG - url : https://qanat-quotes-public.staging.zopa.com/api/quote
2021-08-29 19:49:46|session.httpsession|DEBUG - Executing POST requests
