2021-08-29 18:00:52|tests.conftest|INFO - Start: tests/test_001_create_member.py::TestCreateMember::test_010_create_member
2021-08-29 18:00:52|session.httpsession|DEBUG - Building URL
2021-08-29 18:00:52|session.httpsession|DEBUG - url : https://qanat-quotes-public.staging.zopa.com/api/member
2021-08-29 18:00:52|session.httpsession|DEBUG - Executing POST requests
2021-08-29 18:00:53|tests.test_001_create_member|DEBUG - resp.json={'memberId': '9ad13c0e-86ff-4cf4-9ac8-71e5ee5525e3', 'firstName': 'Tony', 'lastName': 'Tester', 'address': {'firstLine': '47-49 Cottons Centre', 'town': 'London', 'postCode': 'SE1 2QG'}, 'emailAddress': 'tony.tester@zopa.com', 'jobTitle': 'Tester/Breaker', 'memberFullName': 'Tony Tester'}
2021-08-29 18:00:53|tests.test_001_create_member|DEBUG - Member_id='9ad13c0e-86ff-4cf4-9ac8-71e5ee5525e3'
2021-08-29 18:00:53|tests.conftest|INFO - Start: tests/test_001_create_member.py::TestCreateMemberForNegativeTests::test_020_create_member_with_missing_name
2021-08-29 18:00:53|session.httpsession|DEBUG - Building URL
2021-08-29 18:00:53|session.httpsession|DEBUG - url : https://qanat-quotes-public.staging.zopa.com/api/member
2021-08-29 18:00:53|session.httpsession|DEBUG - Executing POST requests
2021-08-29 18:00:54|tests.test_001_create_member|DEBUG - resp.json={'errors': {'firstName': "'firstName' is a required property"}, 'message': 'Input payload validation failed'}
2021-08-29 18:00:54|tests.conftest|INFO - Start: tests/test_001_create_member.py::TestCreateMemberForNegativeTests::test_030_create_member_with_missing_address
2021-08-29 18:00:54|session.httpsession|DEBUG - Building URL
2021-08-29 18:00:54|session.httpsession|DEBUG - url : https://qanat-quotes-public.staging.zopa.com/api/member
2021-08-29 18:00:54|session.httpsession|DEBUG - Executing POST requests
2021-08-29 18:00:54|tests.test_001_create_member|DEBUG - resp.json={'errors': {'address.town': "'town' is a required property"}, 'message': 'Input payload validation failed'}
2021-08-29 18:00:54|tests.conftest|INFO - Start: tests/test_001_create_member.py::TestCreateMemberForNegativeTests::test_040_create_member_with_missing_emailAddress
2021-08-29 18:00:54|session.httpsession|DEBUG - Building URL
2021-08-29 18:00:54|session.httpsession|DEBUG - url : https://qanat-quotes-public.staging.zopa.com/api/member
2021-08-29 18:00:54|session.httpsession|DEBUG - Executing POST requests
2021-08-29 18:00:55|tests.test_001_create_member|DEBUG - resp.json={'errors': {'emailAddress': "'emailAddress' is a required property"}, 'message': 'Input payload validation failed'}
2021-08-29 18:00:55|tests.conftest|INFO - Start: tests/test_001_create_member.py::TestCreateMemberForNegativeTests::test_050_create_member_with_bad_job_title
2021-08-29 18:00:55|session.httpsession|DEBUG - Building URL
2021-08-29 18:00:55|session.httpsession|DEBUG - url : https://qanat-quotes-public.staging.zopa.com/api/member
2021-08-29 18:00:55|session.httpsession|DEBUG - Executing POST requests
2021-08-29 18:00:56|tests.test_001_create_member|DEBUG - resp.json={'message': 'jobTitle must be <= 20 characters'}
