2021-08-29 19:49:23|tests.conftest|INFO - Start: tests/test_001_create_member.py::TestCreateMember::test_010_create_member
2021-08-29 19:49:23|session.httpsession|DEBUG - Building URL
2021-08-29 19:49:23|session.httpsession|DEBUG - url : https://qanat-quotes-public.staging.zopa.com/api/member
2021-08-29 19:49:23|session.httpsession|DEBUG - Executing POST requests
2021-08-29 19:49:24|tests.test_001_create_member|DEBUG - resp.json={'memberId': '32368da5-0a80-4ee9-a554-88217f17241b', 'firstName': 'Tony', 'lastName': 'Tester', 'address': {'firstLine': '47-49 Cottons Centre', 'town': 'London', 'postCode': 'SE1 2QG'}, 'emailAddress': 'tony.tester@zopa.com', 'jobTitle': 'Tester/Breaker', 'memberFullName': 'Tony Tester'}
2021-08-29 19:49:24|tests.test_001_create_member|DEBUG - Member_id='32368da5-0a80-4ee9-a554-88217f17241b'
2021-08-29 19:49:24|tests.conftest|INFO - Start: tests/test_001_create_member.py::TestCreateMemberForNegativeTests::test_020_create_member_with_missing_name
2021-08-29 19:49:24|session.httpsession|DEBUG - Building URL
2021-08-29 19:49:24|session.httpsession|DEBUG - url : https://qanat-quotes-public.staging.zopa.com/api/member
2021-08-29 19:49:24|session.httpsession|DEBUG - Executing POST requests
2021-08-29 19:49:25|tests.test_001_create_member|DEBUG - resp.json={'errors': {'firstName': "'firstName' is a required property"}, 'message': 'Input payload validation failed'}
2021-08-29 19:49:25|tests.conftest|INFO - Start: tests/test_001_create_member.py::TestCreateMemberForNegativeTests::test_030_create_member_with_missing_address
2021-08-29 19:49:25|session.httpsession|DEBUG - Building URL
2021-08-29 19:49:25|session.httpsession|DEBUG - url : https://qanat-quotes-public.staging.zopa.com/api/member
2021-08-29 19:49:25|session.httpsession|DEBUG - Executing POST requests
2021-08-29 19:49:26|tests.test_001_create_member|DEBUG - resp.json={'errors': {'address.town': "'town' is a required property"}, 'message': 'Input payload validation failed'}
2021-08-29 19:49:26|tests.conftest|INFO - Start: tests/test_001_create_member.py::TestCreateMemberForNegativeTests::test_040_create_member_with_missing_emailAddress
2021-08-29 19:49:26|session.httpsession|DEBUG - Building URL
2021-08-29 19:49:26|session.httpsession|DEBUG - url : https://qanat-quotes-public.staging.zopa.com/api/member
2021-08-29 19:49:26|session.httpsession|DEBUG - Executing POST requests
2021-08-29 19:49:26|tests.test_001_create_member|DEBUG - resp.json={'errors': {'emailAddress': "'emailAddress' is a required property"}, 'message': 'Input payload validation failed'}
2021-08-29 19:49:26|tests.conftest|INFO - Start: tests/test_001_create_member.py::TestCreateMemberForNegativeTests::test_050_create_member_with_bad_job_title
2021-08-29 19:49:26|session.httpsession|DEBUG - Building URL
2021-08-29 19:49:26|session.httpsession|DEBUG - url : https://qanat-quotes-public.staging.zopa.com/api/member
2021-08-29 19:49:26|session.httpsession|DEBUG - Executing POST requests
2021-08-29 19:49:27|tests.test_001_create_member|DEBUG - resp.json={'message': 'jobTitle must be <= 20 characters'}
2021-08-29 19:49:27|tests.conftest|INFO - Start: tests/test_002_get_member.py::TestCreateMember::test_010_create_member
2021-08-29 19:49:27|session.httpsession|DEBUG - Building URL
2021-08-29 19:49:27|session.httpsession|DEBUG - url : https://qanat-quotes-public.staging.zopa.com/api/member
2021-08-29 19:49:27|session.httpsession|DEBUG - Executing POST requests
2021-08-29 19:49:28|tests.test_001_create_member|DEBUG - resp.json={'memberId': '6eaa34b0-5a75-497a-92de-f72480e33ec3', 'firstName': 'Tony', 'lastName': 'Tester', 'address': {'firstLine': '47-49 Cottons Centre', 'town': 'London', 'postCode': 'SE1 2QG'}, 'emailAddress': 'tony.tester@zopa.com', 'jobTitle': 'Tester/Breaker', 'memberFullName': 'Tony Tester'}
2021-08-29 19:49:28|tests.test_001_create_member|DEBUG - Member_id='6eaa34b0-5a75-497a-92de-f72480e33ec3'
2021-08-29 19:49:28|tests.conftest|INFO - Start: tests/test_002_get_member.py::TestGetMember::test_060_get_member
2021-08-29 19:49:28|session.httpsession|DEBUG - Building URL
2021-08-29 19:49:28|session.httpsession|DEBUG - url : https://qanat-quotes-public.staging.zopa.com/api/member
2021-08-29 19:49:28|session.httpsession|DEBUG - Executing Get requests
2021-08-29 19:49:29|tests.conftest|INFO - Start: tests/test_002_get_member.py::TestGetMember::test_070_get_non_existing_member
2021-08-29 19:49:29|session.httpsession|DEBUG - Building URL
2021-08-29 19:49:29|session.httpsession|DEBUG - url : https://qanat-quotes-public.staging.zopa.com/api/member
2021-08-29 19:49:29|session.httpsession|DEBUG - Executing Get requests
2021-08-29 19:49:29|tests.conftest|INFO - Start: tests/test_003_generate_quotation.py::TestCreateMember::test_010_create_member
2021-08-29 19:49:29|session.httpsession|DEBUG - Building URL
2021-08-29 19:49:29|session.httpsession|DEBUG - url : https://qanat-quotes-public.staging.zopa.com/api/member
2021-08-29 19:49:29|session.httpsession|DEBUG - Executing POST requests
2021-08-29 19:49:29|tests.test_001_create_member|DEBUG - resp.json={'memberId': '2b01ad68-4416-4558-b1ce-ed4c4c639a5a', 'firstName': 'Tony', 'lastName': 'Tester', 'address': {'firstLine': '47-49 Cottons Centre', 'town': 'London', 'postCode': 'SE1 2QG'}, 'emailAddress': 'tony.tester@zopa.com', 'jobTitle': 'Tester/Breaker', 'memberFullName': 'Tony Tester'}
2021-08-29 19:49:29|tests.test_001_create_member|DEBUG - Member_id='2b01ad68-4416-4558-b1ce-ed4c4c639a5a'
2021-08-29 19:49:29|tests.conftest|INFO - Start: tests/test_003_generate_quotation.py::TestCreateQuotation::test_080_create_a_quote_with_loan_amount_1000
2021-08-29 19:49:29|tests.test_003_generate_quotation|DEBUG - memberId='2b01ad68-4416-4558-b1ce-ed4c4c639a5a'
2021-08-29 19:49:29|session.httpsession|DEBUG - Building URL
2021-08-29 19:49:29|session.httpsession|DEBUG - url : https://qanat-quotes-public.staging.zopa.com/api/quote
2021-08-29 19:49:29|session.httpsession|DEBUG - Executing POST requests
2021-08-29 19:49:31|tests.conftest|INFO - Start: tests/test_003_generate_quotation.py::TestCreateQuotation::test_090_create_a_quote_with_loan_amount_25000
2021-08-29 19:49:31|tests.test_003_generate_quotation|DEBUG - memberId='2b01ad68-4416-4558-b1ce-ed4c4c639a5a'
2021-08-29 19:49:31|session.httpsession|DEBUG - Building URL
2021-08-29 19:49:31|session.httpsession|DEBUG - url : https://qanat-quotes-public.staging.zopa.com/api/quote
2021-08-29 19:49:31|session.httpsession|DEBUG - Executing POST requests
2021-08-29 19:49:32|tests.conftest|INFO - Start: tests/test_003_generate_quotation.py::TestCreateQuotation::test_100_create_a_quote_with_loan_amount_12000
2021-08-29 19:49:32|tests.test_003_generate_quotation|DEBUG - memberId='2b01ad68-4416-4558-b1ce-ed4c4c639a5a'
2021-08-29 19:49:32|session.httpsession|DEBUG - Building URL
2021-08-29 19:49:32|session.httpsession|DEBUG - url : https://qanat-quotes-public.staging.zopa.com/api/quote
2021-08-29 19:49:32|session.httpsession|DEBUG - Executing POST requests
2021-08-29 19:49:33|tests.conftest|INFO - Start: tests/test_003_generate_quotation.py::TestCreateQuotation::test_110_create_a_quote_with_loan_amount_999
2021-08-29 19:49:33|tests.test_003_generate_quotation|DEBUG - memberId='2b01ad68-4416-4558-b1ce-ed4c4c639a5a'
2021-08-29 19:49:33|session.httpsession|DEBUG - Building URL
2021-08-29 19:49:33|session.httpsession|DEBUG - url : https://qanat-quotes-public.staging.zopa.com/api/quote
2021-08-29 19:49:33|session.httpsession|DEBUG - Executing POST requests
2021-08-29 19:49:34|tests.conftest|INFO - Start: tests/test_003_generate_quotation.py::TestCreateQuotation::test_120_create_a_quote_with_loan_amount_25001
2021-08-29 19:49:34|tests.test_003_generate_quotation|DEBUG - memberId='2b01ad68-4416-4558-b1ce-ed4c4c639a5a'
2021-08-29 19:49:34|session.httpsession|DEBUG - Building URL
2021-08-29 19:49:34|session.httpsession|DEBUG - url : https://qanat-quotes-public.staging.zopa.com/api/quote
2021-08-29 19:49:34|session.httpsession|DEBUG - Executing POST requests
2021-08-29 19:49:36|tests.conftest|INFO - Start: tests/test_003_generate_quotation.py::TestCreateQuotation::test_130_create_a_quote_with_loan_amount_negative
2021-08-29 19:49:36|tests.test_003_generate_quotation|DEBUG - memberId='2b01ad68-4416-4558-b1ce-ed4c4c639a5a'
2021-08-29 19:49:36|session.httpsession|DEBUG - Building URL
2021-08-29 19:49:36|session.httpsession|DEBUG - url : https://qanat-quotes-public.staging.zopa.com/api/quote
2021-08-29 19:49:36|session.httpsession|DEBUG - Executing POST requests
2021-08-29 19:49:37|tests.conftest|INFO - Start: tests/test_003_generate_quotation.py::TestCreateQuotation::test_140_create_a_quote_with_loan_with_non_existing_member
2021-08-29 19:49:37|session.httpsession|DEBUG - Building URL
2021-08-29 19:49:37|session.httpsession|DEBUG - url : https://qanat-quotes-public.staging.zopa.com/api/quote
2021-08-29 19:49:37|session.httpsession|DEBUG - Executing POST requests
