2021-08-29 17:13:08|tests.conftest|INFO - Start: tests/test_001_create_member.py::TestCreateMember::test_010_create_member
2021-08-29 17:13:08|session.httpsession|DEBUG - Building URL
2021-08-29 17:13:08|session.httpsession|DEBUG - url : https://qanat-quotes-public.staging.zopa.com/api/member
2021-08-29 17:13:08|session.httpsession|DEBUG - Executing POST requests
2021-08-29 17:13:10|tests.test_001_create_member|DEBUG - resp.json={'memberId': '43b81b96-14d9-404a-b5fc-359439dffff3', 'firstName': 'Tony', 'lastName': 'Tester', 'address': {'firstLine': '47-49 Cottons Centre', 'town': 'London', 'postCode': 'SE1 2QG'}, 'emailAddress': 'tony.tester@zopa.com', 'jobTitle': 'Tester/Breaker', 'memberFullName': 'Tony Tester'}
2021-08-29 17:13:10|tests.test_001_create_member|DEBUG - Member_id='43b81b96-14d9-404a-b5fc-359439dffff3'
2021-08-29 17:13:10|tests.conftest|INFO - Start: tests/test_001_create_member.py::TestCreateMemberForNegativeTests::test_020_create_member_with_missing_name
2021-08-29 17:13:10|session.httpsession|DEBUG - Building URL
2021-08-29 17:13:10|session.httpsession|DEBUG - url : https://qanat-quotes-public.staging.zopa.com/api/member
2021-08-29 17:13:10|session.httpsession|DEBUG - Executing POST requests
2021-08-29 17:13:10|tests.test_001_create_member|DEBUG - resp.json={'errors': {'firstName': "'firstName' is a required property"}, 'message': 'Input payload validation failed'}
2021-08-29 17:13:10|tests.conftest|INFO - Start: tests/test_001_create_member.py::TestCreateMemberForNegativeTests::test_030_create_member_with_missing_address
2021-08-29 17:13:10|session.httpsession|DEBUG - Building URL
2021-08-29 17:13:10|session.httpsession|DEBUG - url : https://qanat-quotes-public.staging.zopa.com/api/member
2021-08-29 17:13:10|session.httpsession|DEBUG - Executing POST requests
2021-08-29 17:13:11|tests.test_001_create_member|DEBUG - resp.json={'errors': {'address.town': "'town' is a required property"}, 'message': 'Input payload validation failed'}
2021-08-29 17:13:11|tests.conftest|INFO - Start: tests/test_001_create_member.py::TestCreateMemberForNegativeTests::test_040_create_member_with_missing_emailAddress
2021-08-29 17:13:11|session.httpsession|DEBUG - Building URL
2021-08-29 17:13:11|session.httpsession|DEBUG - url : https://qanat-quotes-public.staging.zopa.com/api/member
2021-08-29 17:13:11|session.httpsession|DEBUG - Executing POST requests
2021-08-29 17:13:12|tests.test_001_create_member|DEBUG - resp.json={'errors': {'emailAddress': "'emailAddress' is a required property"}, 'message': 'Input payload validation failed'}
2021-08-29 17:13:12|tests.conftest|INFO - Start: tests/test_001_create_member.py::TestCreateMemberForNegativeTests::test_050_create_member_with_bad_job_title
2021-08-29 17:13:12|session.httpsession|DEBUG - Building URL
2021-08-29 17:13:12|session.httpsession|DEBUG - url : https://qanat-quotes-public.staging.zopa.com/api/member
2021-08-29 17:13:12|session.httpsession|DEBUG - Executing POST requests
2021-08-29 17:13:13|tests.test_001_create_member|DEBUG - resp.json={'message': 'jobTitle must be <= 20 characters'}
2021-08-29 17:13:13|tests.conftest|INFO - Start: tests/test_002_get_member.py::TestCreateMember::test_010_create_member
2021-08-29 17:13:13|session.httpsession|DEBUG - Building URL
2021-08-29 17:13:13|session.httpsession|DEBUG - url : https://qanat-quotes-public.staging.zopa.com/api/member
2021-08-29 17:13:13|session.httpsession|DEBUG - Executing POST requests
2021-08-29 17:13:14|tests.test_001_create_member|DEBUG - resp.json={'memberId': 'a760377f-8fce-4bbf-8d79-8250e3bcc1c6', 'firstName': 'Tony', 'lastName': 'Tester', 'address': {'firstLine': '47-49 Cottons Centre', 'town': 'London', 'postCode': 'SE1 2QG'}, 'emailAddress': 'tony.tester@zopa.com', 'jobTitle': 'Tester/Breaker', 'memberFullName': 'Tony Tester'}
2021-08-29 17:13:14|tests.test_001_create_member|DEBUG - Member_id='a760377f-8fce-4bbf-8d79-8250e3bcc1c6'
2021-08-29 17:13:14|tests.conftest|INFO - Start: tests/test_002_get_member.py::TestGetMember::test_060_get_member
2021-08-29 17:13:14|session.httpsession|DEBUG - Building URL
2021-08-29 17:13:14|session.httpsession|DEBUG - url : https://qanat-quotes-public.staging.zopa.com/api/member
2021-08-29 17:13:14|session.httpsession|DEBUG - Executing Get requests
2021-08-29 17:13:15|tests.conftest|INFO - Start: tests/test_002_get_member.py::TestGetMember::test_070_get_non_existing_member
2021-08-29 17:13:15|session.httpsession|DEBUG - Building URL
2021-08-29 17:13:15|session.httpsession|DEBUG - url : https://qanat-quotes-public.staging.zopa.com/api/member
2021-08-29 17:13:15|session.httpsession|DEBUG - Executing Get requests
2021-08-29 17:13:15|tests.conftest|INFO - Start: tests/test_003_generate_quotation.py::TestCreateMember::test_010_create_member
2021-08-29 17:13:15|session.httpsession|DEBUG - Building URL
2021-08-29 17:13:15|session.httpsession|DEBUG - url : https://qanat-quotes-public.staging.zopa.com/api/member
2021-08-29 17:13:15|session.httpsession|DEBUG - Executing POST requests
2021-08-29 17:13:16|tests.test_001_create_member|DEBUG - resp.json={'memberId': '960e7023-9f21-4d3d-a57d-47c760c75b3a', 'firstName': 'Tony', 'lastName': 'Tester', 'address': {'firstLine': '47-49 Cottons Centre', 'town': 'London', 'postCode': 'SE1 2QG'}, 'emailAddress': 'tony.tester@zopa.com', 'jobTitle': 'Tester/Breaker', 'memberFullName': 'Tony Tester'}
2021-08-29 17:13:16|tests.test_001_create_member|DEBUG - Member_id='960e7023-9f21-4d3d-a57d-47c760c75b3a'
2021-08-29 17:13:16|tests.conftest|INFO - Start: tests/test_003_generate_quotation.py::TestCreateQuotation::test_080_create_a_quote_with_loan_amount_1000
2021-08-29 17:13:16|tests.test_003_generate_quotation|DEBUG - memberId='960e7023-9f21-4d3d-a57d-47c760c75b3a'
2021-08-29 17:13:16|session.httpsession|DEBUG - Building URL
2021-08-29 17:13:16|session.httpsession|DEBUG - url : https://qanat-quotes-public.staging.zopa.com/api/quote
2021-08-29 17:13:16|session.httpsession|DEBUG - Executing POST requests
2021-08-29 17:13:19|tests.conftest|INFO - Start: tests/test_003_generate_quotation.py::TestCreateQuotation::test_090_create_a_quote_with_loan_amount_25000
2021-08-29 17:13:19|tests.test_003_generate_quotation|DEBUG - memberId='960e7023-9f21-4d3d-a57d-47c760c75b3a'
2021-08-29 17:13:19|session.httpsession|DEBUG - Building URL
2021-08-29 17:13:19|session.httpsession|DEBUG - url : https://qanat-quotes-public.staging.zopa.com/api/quote
2021-08-29 17:13:19|session.httpsession|DEBUG - Executing POST requests
2021-08-29 17:13:20|tests.conftest|INFO - Start: tests/test_003_generate_quotation.py::TestCreateQuotation::test_100_create_a_quote_with_loan_amount_12000
2021-08-29 17:13:20|tests.test_003_generate_quotation|DEBUG - memberId='960e7023-9f21-4d3d-a57d-47c760c75b3a'
2021-08-29 17:13:20|session.httpsession|DEBUG - Building URL
2021-08-29 17:13:20|session.httpsession|DEBUG - url : https://qanat-quotes-public.staging.zopa.com/api/quote
2021-08-29 17:13:20|session.httpsession|DEBUG - Executing POST requests
2021-08-29 17:13:23|tests.conftest|INFO - Start: tests/test_003_generate_quotation.py::TestCreateQuotation::test_110_create_a_quote_with_loan_amount_999
2021-08-29 17:13:23|tests.test_003_generate_quotation|DEBUG - memberId='960e7023-9f21-4d3d-a57d-47c760c75b3a'
2021-08-29 17:13:23|session.httpsession|DEBUG - Building URL
2021-08-29 17:13:23|session.httpsession|DEBUG - url : https://qanat-quotes-public.staging.zopa.com/api/quote
2021-08-29 17:13:23|session.httpsession|DEBUG - Executing POST requests
2021-08-29 17:13:25|tests.conftest|INFO - Start: tests/test_003_generate_quotation.py::TestCreateQuotation::test_120_create_a_quote_with_loan_amount_25001
2021-08-29 17:13:25|tests.test_003_generate_quotation|DEBUG - memberId='960e7023-9f21-4d3d-a57d-47c760c75b3a'
2021-08-29 17:13:25|session.httpsession|DEBUG - Building URL
2021-08-29 17:13:25|session.httpsession|DEBUG - url : https://qanat-quotes-public.staging.zopa.com/api/quote
2021-08-29 17:13:25|session.httpsession|DEBUG - Executing POST requests
2021-08-29 17:13:25|tests.conftest|INFO - Start: tests/test_003_generate_quotation.py::TestCreateQuotation::test_130_create_a_quote_with_loan_amount_negative
2021-08-29 17:13:26|tests.test_003_generate_quotation|DEBUG - memberId='960e7023-9f21-4d3d-a57d-47c760c75b3a'
2021-08-29 17:13:26|session.httpsession|DEBUG - Building URL
2021-08-29 17:13:26|session.httpsession|DEBUG - url : https://qanat-quotes-public.staging.zopa.com/api/quote
2021-08-29 17:13:26|session.httpsession|DEBUG - Executing POST requests
2021-08-29 17:13:26|tests.conftest|INFO - Start: tests/test_003_generate_quotation.py::TestCreateQuotation::test_140_create_a_quote_with_loan_with_non_existing_member
2021-08-29 17:13:26|session.httpsession|DEBUG - Building URL
2021-08-29 17:13:26|session.httpsession|DEBUG - url : https://qanat-quotes-public.staging.zopa.com/api/quote
2021-08-29 17:13:26|session.httpsession|DEBUG - Executing POST requests
